./src/test/examples/invalid/semanticErr/multiple/funcMess.wacc
./src/test/examples/invalid/semanticErr/multiple/ifAndWhileErrs.wacc
./src/test/examples/invalid/semanticErr/multiple/multiTypeErrs.wacc
./src/test/examples/invalid/semanticErr/multiple/messyExpr.wacc
./src/test/examples/invalid/semanticErr/multiple/multiCaseSensitivity.wacc
./src/test/examples/invalid/semanticErr/pairs/sndNull.wacc
./src/test/examples/invalid/semanticErr/pairs/fstNull.wacc
./src/test/examples/invalid/semanticErr/pairs/freeNonPair.wacc
./src/test/examples/invalid/semanticErr/read/readTypeErr01.wacc
./src/test/examples/invalid/semanticErr/if/ifIntCondition.wacc
./src/test/examples/invalid/semanticErr/IO/readTypeErr.wacc
./src/test/examples/invalid/semanticErr/scope/badScopeRedefine.wacc
./src/test/examples/invalid/semanticErr/function/functionJunkAfterReturn.wacc
./src/test/examples/invalid/semanticErr/function/functionOverArgs.wacc
./src/test/examples/invalid/semanticErr/function/funcVarAccess.wacc
./src/test/examples/invalid/semanticErr/function/functionAssign.wacc
./src/test/examples/invalid/semanticErr/function/functionBadArgUse.wacc
./src/test/examples/invalid/semanticErr/function/functionBadReturn.wacc
./src/test/examples/invalid/semanticErr/function/functionUnderArgs.wacc
./src/test/examples/invalid/semanticErr/function/functionRedefine.wacc
./src/test/examples/invalid/semanticErr/function/functionBadCall.wacc
./src/test/examples/invalid/semanticErr/function/functionBadParam.wacc
./src/test/examples/invalid/semanticErr/function/functionSwapArgs.wacc
./src/test/examples/invalid/semanticErr/print/printTypeErr01.wacc
./src/test/examples/invalid/semanticErr/variables/basicTypeErr12.wacc
./src/test/examples/invalid/semanticErr/variables/basicTypeErr04.wacc
./src/test/examples/invalid/semanticErr/variables/doubleDeclare.wacc
./src/test/examples/invalid/semanticErr/variables/basicTypeErr08.wacc
./src/test/examples/invalid/semanticErr/variables/basicTypeErr09.wacc
./src/test/examples/invalid/semanticErr/variables/basicTypeErr05.wacc
./src/test/examples/invalid/semanticErr/variables/basicTypeErr02.wacc
./src/test/examples/invalid/semanticErr/variables/basicTypeErr03.wacc
./src/test/examples/invalid/semanticErr/variables/undeclaredScopeVar.wacc
./src/test/examples/invalid/semanticErr/variables/undeclaredVar.wacc
./src/test/examples/invalid/semanticErr/variables/undeclaredVarAccess.wacc
./src/test/examples/invalid/semanticErr/variables/basicTypeErr01.wacc
./src/test/examples/invalid/semanticErr/variables/basicTypeErr06.wacc
./src/test/examples/invalid/semanticErr/variables/bigIntAssignment.wacc
./src/test/examples/invalid/semanticErr/variables/basicTypeErr10.wacc
./src/test/examples/invalid/semanticErr/variables/caseMatters.wacc
./src/test/examples/invalid/semanticErr/variables/basicTypeErr11.wacc
./src/test/examples/invalid/semanticErr/variables/basicTypeErr07.wacc
./src/test/examples/invalid/semanticErr/expressions/mixedOpTypeErr.wacc
./src/test/examples/invalid/semanticErr/expressions/boolOpTypeErr.wacc
./src/test/examples/invalid/semanticErr/expressions/intOpTypeErr.wacc
./src/test/examples/invalid/semanticErr/expressions/exprTypeErr.wacc
./src/test/examples/invalid/semanticErr/expressions/lessPairExpr.wacc
./src/test/examples/invalid/semanticErr/expressions/moreArrExpr.wacc
./src/test/examples/invalid/semanticErr/expressions/stringElemErr.wacc
./src/test/examples/invalid/semanticErr/exit/badCharExit.wacc
./src/test/examples/invalid/semanticErr/exit/exitNonInt.wacc
./src/test/examples/invalid/semanticErr/exit/globalReturn.wacc
./src/test/examples/invalid/semanticErr/while/truErr.wacc
./src/test/examples/invalid/semanticErr/while/falsErr.wacc
./src/test/examples/invalid/semanticErr/while/whileIntCondition.wacc
