src/test/examples/invalid/syntaxErr//array/arrayExpr.wacc
src/test/examples/invalid/syntaxErr//pairs/badLookup01.wacc
src/test/examples/invalid/syntaxErr//pairs/badLookup02.wacc
src/test/examples/invalid/syntaxErr//if/ifNoelse.wacc
src/test/examples/invalid/syntaxErr//if/ifNofi.wacc
src/test/examples/invalid/syntaxErr//if/ifNothen.wacc
src/test/examples/invalid/syntaxErr//if/ifiErr.wacc
src/test/examples/invalid/syntaxErr//basic/bgnErr.wacc
src/test/examples/invalid/syntaxErr//basic/badEscape.wacc
src/test/examples/invalid/syntaxErr//basic/beginNoend.wacc
src/test/examples/invalid/syntaxErr//basic/noBody.wacc
src/test/examples/invalid/syntaxErr//basic/badComment.wacc
src/test/examples/invalid/syntaxErr//basic/badComment2.wacc
src/test/examples/invalid/syntaxErr//basic/multipleBegins.wacc
src/test/examples/invalid/syntaxErr//basic/skpErr.wacc
src/test/examples/invalid/syntaxErr//basic/unescapedChar.wacc
src/test/examples/invalid/syntaxErr//function/functionJunkAfterReturn.wacc
src/test/examples/invalid/syntaxErr//function/badlyNamed.wacc
src/test/examples/invalid/syntaxErr//function/mutualRecursionNoReturn.wacc
src/test/examples/invalid/syntaxErr//function/functionConditionalNoReturn.wacc
src/test/examples/invalid/syntaxErr//function/functionLateDefine.wacc
src/test/examples/invalid/syntaxErr//function/functionMissingPType.wacc
src/test/examples/invalid/syntaxErr//function/functionReturnInLoop.wacc
src/test/examples/invalid/syntaxErr//function/functionMissingCall.wacc
src/test/examples/invalid/syntaxErr//function/functionNoReturn.wacc
src/test/examples/invalid/syntaxErr//function/functionScopeDef.wacc
src/test/examples/invalid/syntaxErr//function/noBodyAfterFuncs.wacc
src/test/examples/invalid/syntaxErr//function/funcExpr2.wacc
src/test/examples/invalid/syntaxErr//function/funcExpr.wacc
src/test/examples/invalid/syntaxErr//function/badlyPlaced.wacc
src/test/examples/invalid/syntaxErr//function/functionMissingParam.wacc
src/test/examples/invalid/syntaxErr//function/functionMissingType.wacc
src/test/examples/invalid/syntaxErr//function/thisIsNotC.wacc
src/test/examples/invalid/syntaxErr//print/printlnCharArry.wacc
src/test/examples/invalid/syntaxErr//variables/badintAssignments1.wacc
src/test/examples/invalid/syntaxErr//variables/varNoName.wacc
src/test/examples/invalid/syntaxErr//variables/badintAssignments.wacc
src/test/examples/invalid/syntaxErr//variables/bigIntAssignment.wacc
src/test/examples/invalid/syntaxErr//variables/badintAssignments2.wacc
src/test/examples/invalid/syntaxErr//expressions/missingOperand2.wacc
src/test/examples/invalid/syntaxErr//expressions/printlnConcat.wacc
src/test/examples/invalid/syntaxErr//expressions/missingOperand1.wacc
src/test/examples/invalid/syntaxErr//sequence/missingSeq.wacc
src/test/examples/invalid/syntaxErr//sequence/emptySeq.wacc
src/test/examples/invalid/syntaxErr//sequence/endSeq.wacc
src/test/examples/invalid/syntaxErr//sequence/extraSeq.wacc
src/test/examples/invalid/syntaxErr//sequence/doubleSeq.wacc
src/test/examples/invalid/syntaxErr//while/whileNodo.wacc
src/test/examples/invalid/syntaxErr//while/whilErr.wacc
src/test/examples/invalid/syntaxErr//while/dooErr.wacc
src/test/examples/invalid/syntaxErr//while/donoErr.wacc
src/test/examples/invalid/syntaxErr//while/whileNodone.wacc
