./src/test/examples/valid/advanced/binarySortTree.wacc
line 19:11 missing '=' at 'q'
line 39:11 missing '=' at 'root'
line 45:13 missing '=' at '0'
line 55:13 missing '=' at '0'
./src/test/examples/valid/advanced/ticTacToe.wacc
line 78:9 missing '=' at 'chosen'
line 98:9 missing '=' at 'true'
line 115:9 missing '=' at 'true'
line 125:9 missing '=' at 'true'
line 147:11 missing '=' at 'true'
line 153:9 missing '=' at 'true'
line 161:10 missing '=' at 'sym'
line 163:10 missing '=' at 'false'
line 173:9 missing '=' at 'true'
line 186:9 missing '=' at 'aiData'
line 194:9 missing '=' at 'rootState'
line 206:9 missing '=' at 'state'
line 219:9 missing '=' at 'root'
line 227:9 missing '=' at 'root'
line 243:10 missing '=' at 'state'
line 246:10 missing '=' at 'state'
line 269:9 missing '=' at 'true'
line 286:9 missing '=' at 'true'
line 300:10 missing '=' at 'state'
line 303:10 missing '=' at 'null'
line 311:9 missing '=' at 'board2'
line 330:9 missing '=' at 'true'
line 341:9 missing '=' at 'true'
line 401:9 missing '=' at 'outValue'
line 417:9 missing '=' at 'out'
line 433:9 missing '=' at 'out'
line 445:9 missing '=' at 'out'
line 452:11 missing '=' at 'a'
line 454:11 missing '=' at 'c'
line 458:11 missing '=' at 'b'
line 460:11 missing '=' at 'c'
line 469:11 missing '=' at 'a'
line 471:11 missing '=' at 'c'
line 475:11 missing '=' at 'b'
line 477:11 missing '=' at 'c'
line 491:9 missing '=' at 'true'
line 512:9 missing '=' at 'true'
line 525:11 missing '=' at 'true'
line 536:10 missing '=' at 'true'
line 567:12 missing '=' at 'false'
line 571:9 missing '=' at 'true'
line 595:12 missing '=' at 'false'
line 599:9 missing '=' at 'true'
line 605:10 missing '=' at 'false'
line 608:10 missing '=' at 'actual'
line 628:9 missing '=' at 'true'
line 664:9 missing '=' at 'out'
line 698:9 missing '=' at 'toKeepCell'
line 704:10 missing '=' at 'true'
line 713:10 missing '=' at 'true'
line 728:9 missing '=' at 'true'
line 744:9 missing '=' at 'true'
line 752:9 missing '=' at 'true'
line 767:9 missing '=' at 'true'
line 781:9 missing '=' at 'true'
line 793:9 missing '=' at 'true'
line 827:9 missing '=' at 'true'
line 838:9 missing '=' at 'true'
line 844:10 missing '=' at ''o''
line 847:11 missing '=' at ''x''
line 890:9 missing '=' at 'targetCell'
line 905:9 missing '=' at 'row1ContainEmpty'
line 915:9 missing '=' at 'cell1'
line 933:3 missing '=' at 'c11'
line 956:9 missing '=' at 'root'
line 965:9 missing '=' at 'root'
line 983:9 missing '=' at 'true'
line 991:9 missing '=' at 'true'
line 1006:10 missing '=' at 'true'
line 1023:10 missing '=' at 'true'
line 1037:9 missing '=' at 'true'
line 1051:9 missing '=' at 'true'
./src/test/examples/valid/advanced/hashTable.wacc
line 21:9 missing '=' at 'true'
line 28:9 missing '=' at 'node'
line 38:10 missing '=' at 'false'
line 43:10 missing '=' at 'true'
line 54:10 missing '=' at 'false'
line 58:10 missing '=' at 'true'
line 76:9 missing '=' at 'true'
line 89:9 missing '=' at 'sum'
line 101:9 missing '=' at 'true'
line 108:9 missing '=' at 'x'
line 118:11 missing '=' at 'head'
line 123:9 missing '=' at 'null'
line 132:10 missing '=' at 'null'
line 142:11 missing '=' at 'head'
line 147:11 missing '=' at 'head'
line 160:9 missing '=' at 'sum'
line 172:9 missing '=' at 'true'
line 204:11 missing '=' at 'd'
line 213:9 missing '=' at ''\0''
line 223:9 missing '=' at 'x'
line 235:9 missing '=' at 'true'
line 247:9 missing '=' at 'true'
line 260:9 missing '=' at 'true'
line 267:9 missing '=' at 'true'
line 279:9 missing '=' at 'true'
line 286:9 missing '=' at 'true'
./src/test/examples/valid/array/arrayLength.wacc
./src/test/examples/valid/array/arrayEmpty.wacc
./src/test/examples/valid/array/array.wacc
./src/test/examples/valid/array/arrayLookup.wacc
./src/test/examples/valid/array/modifyString.wacc
./src/test/examples/valid/array/printRef.wacc
./src/test/examples/valid/array/arraySimple.wacc
./src/test/examples/valid/array/arrayNested.wacc
./src/test/examples/valid/array/arrayPrint.wacc
./src/test/examples/valid/array/arrayBasic.wacc
./src/test/examples/valid/pairs/printNull.wacc
./src/test/examples/valid/pairs/printNullPair.wacc
./src/test/examples/valid/pairs/printPair.wacc
./src/test/examples/valid/pairs/nestedPair.wacc
./src/test/examples/valid/pairs/createRefPair.wacc
./src/test/examples/valid/pairs/free.wacc
./src/test/examples/valid/pairs/writeSnd.wacc
./src/test/examples/valid/pairs/writeFst.wacc
./src/test/examples/valid/pairs/printPairOfNulls.wacc
./src/test/examples/valid/pairs/null.wacc
./src/test/examples/valid/pairs/createPair02.wacc
./src/test/examples/valid/pairs/createPair.wacc
./src/test/examples/valid/pairs/checkRefPair.wacc
./src/test/examples/valid/pairs/createPair03.wacc
./src/test/examples/valid/pairs/readPair.wacc
./src/test/examples/valid/pairs/linkedList.wacc
./src/test/examples/valid/if/if1.wacc
./src/test/examples/valid/if/whitespace.wacc
./src/test/examples/valid/if/ifFalse.wacc
./src/test/examples/valid/if/ifBasic.wacc
./src/test/examples/valid/if/if6.wacc
./src/test/examples/valid/if/ifTrue.wacc
./src/test/examples/valid/if/if5.wacc
./src/test/examples/valid/if/if4.wacc
./src/test/examples/valid/if/if3.wacc
./src/test/examples/valid/if/if2.wacc
./src/test/examples/valid/runtimeErr/integerOverflow/intJustOverflow.wacc
./src/test/examples/valid/runtimeErr/integerOverflow/intnegateOverflow.wacc
./src/test/examples/valid/runtimeErr/integerOverflow/intmultOverflow.wacc
./src/test/examples/valid/runtimeErr/integerOverflow/intnegateOverflow3.wacc
./src/test/examples/valid/runtimeErr/integerOverflow/intWayOverflow.wacc
./src/test/examples/valid/runtimeErr/integerOverflow/intnegateOverflow2.wacc
./src/test/examples/valid/runtimeErr/integerOverflow/intUnderflow.wacc
./src/test/examples/valid/runtimeErr/integerOverflow/intnegateOverflow4.wacc
./src/test/examples/valid/runtimeErr/nullDereference/readNull2.wacc
./src/test/examples/valid/runtimeErr/nullDereference/useNull2.wacc
./src/test/examples/valid/runtimeErr/nullDereference/setNull1.wacc
./src/test/examples/valid/runtimeErr/nullDereference/freeNull.wacc
./src/test/examples/valid/runtimeErr/nullDereference/setNull2.wacc
./src/test/examples/valid/runtimeErr/nullDereference/useNull1.wacc
./src/test/examples/valid/runtimeErr/nullDereference/readNull1.wacc
./src/test/examples/valid/runtimeErr/divideByZero/divZero.wacc
./src/test/examples/valid/runtimeErr/divideByZero/divideByZero.wacc
./src/test/examples/valid/runtimeErr/divideByZero/modByZero.wacc
./src/test/examples/valid/runtimeErr/arrayOutOfBounds/arrayOutOfBoundsWrite.wacc
./src/test/examples/valid/runtimeErr/arrayOutOfBounds/arrayNegBounds.wacc
./src/test/examples/valid/runtimeErr/arrayOutOfBounds/arrayOutOfBounds.wacc
./src/test/examples/valid/IO/IOLoop.wacc
./src/test/examples/valid/IO/read/echoPuncChar.wacc
./src/test/examples/valid/IO/read/echoBigInt.wacc
./src/test/examples/valid/IO/read/echoInt.wacc
./src/test/examples/valid/IO/read/echoNegInt.wacc
./src/test/examples/valid/IO/read/echoChar.wacc
./src/test/examples/valid/IO/read/echoBigNegInt.wacc
./src/test/examples/valid/IO/read/read.wacc
./src/test/examples/valid/IO/IOSequence.wacc
./src/test/examples/valid/IO/print/printCharAsString.wacc
./src/test/examples/valid/IO/print/println.wacc
./src/test/examples/valid/IO/print/printEscChar.wacc
./src/test/examples/valid/IO/print/multipleStringsAssignment.wacc
./src/test/examples/valid/IO/print/print.wacc
./src/test/examples/valid/IO/print/hashInProgram.wacc
./src/test/examples/valid/IO/print/printBool.wacc
./src/test/examples/valid/IO/print/printCharArray.wacc
./src/test/examples/valid/IO/print/print-backspace.wacc
./src/test/examples/valid/IO/print/print-carridge-return.wacc
./src/test/examples/valid/IO/print/printInt.wacc
./src/test/examples/valid/IO/print/printChar.wacc
./src/test/examples/valid/basic/skip/skip.wacc
./src/test/examples/valid/basic/skip/comment.wacc
./src/test/examples/valid/basic/skip/commentInLine.wacc
./src/test/examples/valid/basic/exit/exit-1.wacc
./src/test/examples/valid/basic/exit/exitBasic.wacc
./src/test/examples/valid/basic/exit/exitBasic2.wacc
./src/test/examples/valid/basic/exit/exitWrap.wacc
./src/test/examples/valid/scope/printAllTypes.wacc
./src/test/examples/valid/scope/scopeSimpleRedefine.wacc
./src/test/examples/valid/scope/scopeRedefine.wacc
./src/test/examples/valid/scope/indentationNotImportant.wacc
./src/test/examples/valid/scope/scope.wacc
./src/test/examples/valid/scope/scopeBasic.wacc
./src/test/examples/valid/scope/ifNested2.wacc
./src/test/examples/valid/scope/ifNested1.wacc
./src/test/examples/valid/scope/scopeVars.wacc
./src/test/examples/valid/scope/intsAndKeywords.wacc
./src/test/examples/valid/function/nested_functions/fixedPointRealArithmetic.wacc
line 16:9 missing '=' at '14'
line 26:9 missing '=' at 'result'
line 33:9 missing '=' at 'f'
line 41:9 missing '=' at 'n'
line 46:9 missing '=' at 'x'
line 53:10 missing '=' at '('
line 55:10 missing '=' at '('
line 60:9 missing '=' at 'x1'
line 64:9 missing '=' at 'x1'
line 69:9 missing '=' at 'x'
line 74:9 missing '=' at 'x'
line 80:9 missing '=' at 'x1'
line 84:9 missing '=' at 'x'
line 90:9 missing '=' at 'x1'
line 94:9 missing '=' at 'x'
./src/test/examples/valid/function/nested_functions/printTriangle.wacc
line 28:11 missing '=' at '0'
./src/test/examples/valid/function/nested_functions/printInputTriangle.wacc
line 23:11 missing '=' at '0'
./src/test/examples/valid/function/nested_functions/mutualRecursion.wacc
line 33:11 missing '=' at '42'
line 40:11 missing '=' at '44'
./src/test/examples/valid/function/nested_functions/fibonacciFullRec.wacc
line 15:13 missing '=' at 'n'
line 21:11 missing '=' at 'f1'
./src/test/examples/valid/function/nested_functions/functionConditionalReturn.wacc
line 11:13 missing '=' at 'true'
line 13:13 missing '=' at 'false'
./src/test/examples/valid/function/nested_functions/simpleRecursion.wacc
line 16:11 missing '=' at '42'
./src/test/examples/valid/function/nested_functions/fibonacciRecursive.wacc
line 13:13 missing '=' at 'n'
line 26:11 missing '=' at 'f1'
./src/test/examples/valid/function/simple_functions/functionDeclaration.wacc
line 10:11 missing '=' at '0'
./src/test/examples/valid/function/simple_functions/sameArgName2.wacc
line 11:11 missing '=' at 'f'
./src/test/examples/valid/function/simple_functions/functionManyArguments.wacc
line 28:11 missing '=' at ''g''
./src/test/examples/valid/function/simple_functions/asciiTable.wacc
line 114:11 missing '=' at 'true'
line 128:11 missing '=' at 'true'
./src/test/examples/valid/function/simple_functions/functionSimple.wacc
line 10:11 missing '=' at '0'
./src/test/examples/valid/function/simple_functions/incFunction.wacc
line 11:11 missing '=' at 'x'
./src/test/examples/valid/function/simple_functions/sameNameAsVar.wacc
line 10:11 missing '=' at '5'
./src/test/examples/valid/function/simple_functions/sameArgName.wacc
line 10:11 missing '=' at 'f'
./src/test/examples/valid/function/simple_functions/negFunction.wacc
line 12:11 missing '=' at '!'
./src/test/examples/valid/function/simple_functions/functionUpdateParameter.wacc
line 20:11 missing '=' at 'x'
./src/test/examples/valid/function/simple_functions/functionReturnPair.wacc
line 12:11 missing '=' at 'p'
./src/test/examples/valid/function/simple_functions/functionSimpleLoop.wacc
line 14:11 missing '=' at 'i'
./src/test/examples/valid/variables/capCharDeclaration.wacc
./src/test/examples/valid/variables/negIntDeclaration.wacc
./src/test/examples/valid/variables/charDeclaration.wacc
./src/test/examples/valid/variables/emptyStringDeclaration.wacc
./src/test/examples/valid/variables/stringDeclaration.wacc
./src/test/examples/valid/variables/longVarNames.wacc
./src/test/examples/valid/variables/boolDeclaration.wacc
./src/test/examples/valid/variables/_VarNames.wacc
./src/test/examples/valid/variables/charDeclaration2.wacc
./src/test/examples/valid/variables/manyVariables.wacc
./src/test/examples/valid/variables/intDeclaration.wacc
./src/test/examples/valid/variables/boolDeclaration2.wacc
./src/test/examples/valid/variables/zeroIntDeclaration.wacc
./src/test/examples/valid/variables/puncCharDeclaration.wacc
./src/test/examples/valid/expressions/intCalc.wacc
./src/test/examples/valid/expressions/multNoWhitespaceExpr.wacc
./src/test/examples/valid/expressions/andExpr.wacc
./src/test/examples/valid/expressions/divExpr.wacc
./src/test/examples/valid/expressions/negBothMod.wacc
./src/test/examples/valid/expressions/longSplitExpr.wacc
./src/test/examples/valid/expressions/negDivisorDiv.wacc
./src/test/examples/valid/expressions/ordAndchrExpr.wacc
./src/test/examples/valid/expressions/lessExpr.wacc
./src/test/examples/valid/expressions/lessCharExpr.wacc
./src/test/examples/valid/expressions/negDividendDiv.wacc
./src/test/examples/valid/expressions/longExpr2.wacc
./src/test/examples/valid/expressions/longSplitExpr2.wacc
./src/test/examples/valid/expressions/minusExpr.wacc
./src/test/examples/valid/expressions/intExpr1.wacc
./src/test/examples/valid/expressions/greaterEqExpr.wacc
./src/test/examples/valid/expressions/plusPlusExpr.wacc
./src/test/examples/valid/expressions/lessEqExpr.wacc
./src/test/examples/valid/expressions/multExpr.wacc
./src/test/examples/valid/expressions/longExpr3.wacc
./src/test/examples/valid/expressions/plusNoWhitespaceExpr.wacc
line 9:11 extraneous input '+2' expecting 'end'
./src/test/examples/valid/expressions/plusMinusExpr.wacc
./src/test/examples/valid/expressions/negDividendMod.wacc
./src/test/examples/valid/expressions/longExpr.wacc
./src/test/examples/valid/expressions/boolExpr1.wacc
./src/test/examples/valid/expressions/equalsExpr.wacc
./src/test/examples/valid/expressions/negDivisorMod.wacc
./src/test/examples/valid/expressions/negBothDiv.wacc
./src/test/examples/valid/expressions/orExpr.wacc
./src/test/examples/valid/expressions/sequentialCount.wacc
./src/test/examples/valid/expressions/notequalsExpr.wacc
./src/test/examples/valid/expressions/negExpr.wacc
./src/test/examples/valid/expressions/stringEqualsExpr.wacc
./src/test/examples/valid/expressions/notExpr.wacc
./src/test/examples/valid/expressions/greaterExpr.wacc
./src/test/examples/valid/expressions/plusExpr.wacc
./src/test/examples/valid/expressions/charComparisonExpr.wacc
./src/test/examples/valid/expressions/modExpr.wacc
./src/test/examples/valid/expressions/minusPlusExpr.wacc
./src/test/examples/valid/expressions/minusMinusExpr.wacc
./src/test/examples/valid/expressions/boolCalc.wacc
./src/test/examples/valid/expressions/minusNoWhitespaceExpr.wacc
line 9:11 extraneous input '-2' expecting 'end'
./src/test/examples/valid/sequence/stringAssignment.wacc
./src/test/examples/valid/sequence/charAssignment.wacc
./src/test/examples/valid/sequence/intLeadingZeros.wacc
./src/test/examples/valid/sequence/boolAssignment.wacc
./src/test/examples/valid/sequence/intAssignment.wacc
./src/test/examples/valid/sequence/basicSeq.wacc
./src/test/examples/valid/sequence/basicSeq2.wacc
./src/test/examples/valid/sequence/exitSimple.wacc
./src/test/examples/valid/while/whileBasic.wacc
./src/test/examples/valid/while/loopIntCondition.wacc
./src/test/examples/valid/while/rmStyleAddIO.wacc
./src/test/examples/valid/while/whileFalse.wacc
./src/test/examples/valid/while/fibonacciFullIt.wacc
./src/test/examples/valid/while/whileCount.wacc
./src/test/examples/valid/while/min.wacc
./src/test/examples/valid/while/max.wacc
./src/test/examples/valid/while/whileBoolFlip.wacc
./src/test/examples/valid/while/fibonacciIterative.wacc
./src/test/examples/valid/while/loopCharCondition.wacc
./src/test/examples/valid/while/rmStyleAdd.wacc
./src/test/examples/invalid/semanticErr/multiple/funcMess.wacc
line 14:11 missing '=' at '"done"'
./src/test/examples/invalid/semanticErr/multiple/ifAndWhileErrs.wacc
./src/test/examples/invalid/semanticErr/multiple/multiTypeErrs.wacc
./src/test/examples/invalid/semanticErr/multiple/messyExpr.wacc
./src/test/examples/invalid/semanticErr/multiple/multiCaseSensitivity.wacc
./src/test/examples/invalid/semanticErr/pairs/sndNull.wacc
./src/test/examples/invalid/semanticErr/pairs/fstNull.wacc
./src/test/examples/invalid/semanticErr/pairs/freeNonPair.wacc
./src/test/examples/invalid/semanticErr/read/readTypeErr01.wacc
./src/test/examples/invalid/semanticErr/if/ifIntCondition.wacc
./src/test/examples/invalid/semanticErr/IO/readTypeErr.wacc
./src/test/examples/invalid/semanticErr/scope/badScopeRedefine.wacc
./src/test/examples/invalid/semanticErr/function/functionOverArgs.wacc
line 13:9 missing '=' at '0'
./src/test/examples/invalid/semanticErr/function/funcVarAccess.wacc
line 14:9 missing '=' at '0'
./src/test/examples/invalid/semanticErr/function/functionAssign.wacc
line 13:11 missing '=' at '3'
./src/test/examples/invalid/semanticErr/function/functionBadArgUse.wacc
line 14:9 missing '=' at '0'
./src/test/examples/invalid/semanticErr/function/functionBadReturn.wacc
line 13:9 missing '=' at ''c''
./src/test/examples/invalid/semanticErr/function/functionUnderArgs.wacc
line 13:9 missing '=' at '0'
./src/test/examples/invalid/semanticErr/function/functionRedefine.wacc
line 13:9 missing '=' at '0'
line 16:11 missing '=' at '1'
./src/test/examples/invalid/semanticErr/function/functionBadCall.wacc
line 13:9 missing '=' at '0'
./src/test/examples/invalid/semanticErr/function/functionBadParam.wacc
line 13:9 missing '=' at 'x'
./src/test/examples/invalid/semanticErr/function/functionSwapArgs.wacc
line 13:9 missing '=' at '0'
./src/test/examples/invalid/semanticErr/print/printTypeErr01.wacc
./src/test/examples/invalid/semanticErr/variables/basicTypeErr12.wacc
./src/test/examples/invalid/semanticErr/variables/basicTypeErr04.wacc
./src/test/examples/invalid/semanticErr/variables/doubleDeclare.wacc
./src/test/examples/invalid/semanticErr/variables/basicTypeErr08.wacc
./src/test/examples/invalid/semanticErr/variables/basicTypeErr09.wacc
./src/test/examples/invalid/semanticErr/variables/basicTypeErr05.wacc
./src/test/examples/invalid/semanticErr/variables/basicTypeErr02.wacc
./src/test/examples/invalid/semanticErr/variables/basicTypeErr03.wacc
./src/test/examples/invalid/semanticErr/variables/undeclaredScopeVar.wacc
./src/test/examples/invalid/semanticErr/variables/undeclaredVar.wacc
./src/test/examples/invalid/semanticErr/variables/undeclaredVarAccess.wacc
./src/test/examples/invalid/semanticErr/variables/basicTypeErr01.wacc
./src/test/examples/invalid/semanticErr/variables/basicTypeErr06.wacc
./src/test/examples/invalid/semanticErr/variables/basicTypeErr10.wacc
./src/test/examples/invalid/semanticErr/variables/caseMatters.wacc
./src/test/examples/invalid/semanticErr/variables/basicTypeErr11.wacc
./src/test/examples/invalid/semanticErr/variables/basicTypeErr07.wacc
./src/test/examples/invalid/semanticErr/expressions/mixedOpTypeErr.wacc
./src/test/examples/invalid/semanticErr/expressions/boolOpTypeErr.wacc
./src/test/examples/invalid/semanticErr/expressions/intOpTypeErr.wacc
./src/test/examples/invalid/semanticErr/expressions/exprTypeErr.wacc
./src/test/examples/invalid/semanticErr/expressions/lessPairExpr.wacc
./src/test/examples/invalid/semanticErr/expressions/moreArrExpr.wacc
./src/test/examples/invalid/semanticErr/expressions/stringElemErr.wacc
./src/test/examples/invalid/semanticErr/exit/badCharExit.wacc
./src/test/examples/invalid/semanticErr/exit/exitNonInt.wacc
./src/test/examples/invalid/semanticErr/exit/globalReturn.wacc
line 12:9 missing '=' at '42'
./src/test/examples/invalid/semanticErr/while/truErr.wacc
./src/test/examples/invalid/semanticErr/while/falsErr.wacc
./src/test/examples/invalid/semanticErr/while/whileIntCondition.wacc
./src/test/examples/invalid/syntaxErr/array/arrayExpr.wacc
line 12:22 mismatched input '+' expecting {'end', ';'}
./src/test/examples/invalid/syntaxErr/pairs/badLookup01.wacc
line 13:10 extraneous input 'fst' expecting {UNOP, INT_LITER, BOOL_LITER, CHAR_LITER, STR_LITER, 'null', '(', '-', IDENT}
./src/test/examples/invalid/syntaxErr/pairs/badLookup02.wacc
line 13:10 extraneous input 'snd' expecting {UNOP, INT_LITER, BOOL_LITER, CHAR_LITER, STR_LITER, 'null', '(', '-', IDENT}
./src/test/examples/invalid/syntaxErr/if/ifNoelse.wacc
line 15:2 mismatched input 'fi' expecting {'else', ';'}
./src/test/examples/invalid/syntaxErr/if/ifNofi.wacc
line 17:0 missing 'fi' at 'end'
./src/test/examples/invalid/syntaxErr/if/ifNothen.wacc
line 13:2 mismatched input 'else' expecting {BINOP, 'then', '+', '-'}
./src/test/examples/invalid/syntaxErr/if/ifiErr.wacc
line 12:6 missing '=' at 'true'
line 13:2 mismatched input 'then' expecting {BINOP, 'end', ';', '+', '-'}
./src/test/examples/invalid/syntaxErr/basic/bgnErr.wacc
line 11:0 missing 'begin' at 'bgn'
line 11:4 mismatched input 'skip' expecting {BINOP, 'end', ';', '+', '-'}
./src/test/examples/invalid/syntaxErr/basic/badEscape.wacc
line 12:11 token recognition error at: ''\H'
line 12:14 token recognition error at: ''\ne'
line 14:0 missing 'end' at '<EOF>'
./src/test/examples/invalid/syntaxErr/basic/beginNoend.wacc
line 12:0 missing 'end' at '<EOF>'
./src/test/examples/invalid/syntaxErr/basic/noBody.wacc
line 11:6 mismatched input 'end' expecting {BASE_TYPE, 'fst', 'snd', 'pair', 'begin', 'skip', 'read', 'free', 'retrun', 'exit', 'print', 'println', 'if', 'while', IDENT}
./src/test/examples/invalid/syntaxErr/basic/badComment.wacc
line 12:6 mismatched input ',' expecting '='
./src/test/examples/invalid/syntaxErr/basic/badComment2.wacc
line 12:19 missing '=' at 'I'
line 12:21 mismatched input 'put' expecting {BINOP, 'end', ';', '+', '-'}
./src/test/examples/invalid/syntaxErr/basic/multipleBegins.wacc
./src/test/examples/invalid/syntaxErr/basic/skpErr.wacc
line 11:10 mismatched input 'end' expecting '='
./src/test/examples/invalid/syntaxErr/basic/unescapedChar.wacc
line 12:11 token recognition error at: ''"'
line 12:13 token recognition error at: ''\ne'
line 14:0 missing 'end' at '<EOF>'
./src/test/examples/invalid/syntaxErr/function/functionJunkAfterReturn.wacc
line 12:11 missing '=' at '2'
./src/test/examples/invalid/syntaxErr/function/badlyNamed.wacc
line 12:6 missing '=' at '('
line 12:7 mismatched input ')' expecting {UNOP, INT_LITER, BOOL_LITER, CHAR_LITER, STR_LITER, 'null', '(', '-', IDENT}
line 12:9 mismatched input 'is' expecting {BINOP, 'end', ';', '+', '-'}
./src/test/examples/invalid/syntaxErr/function/mutualRecursionNoReturn.wacc
line 20:11 missing '=' at '42'
./src/test/examples/invalid/syntaxErr/function/functionConditionalNoReturn.wacc
line 13:13 missing '=' at 'b'
line 22:13 missing '=' at 'b'
./src/test/examples/invalid/syntaxErr/function/functionLateDefine.wacc
line 13:11 missing '=' at '0'
line 17:7 missing '=' at '('
line 17:8 mismatched input ')' expecting {UNOP, INT_LITER, BOOL_LITER, CHAR_LITER, STR_LITER, 'null', '(', '-', IDENT}
line 17:10 mismatched input 'is' expecting {BINOP, 'end', ';', '+', '-'}
./src/test/examples/invalid/syntaxErr/function/functionMissingPType.wacc
line 12:8 extraneous input 'x' expecting {BASE_TYPE, 'pair', ')'}
line 13:11 missing '=' at '0'
./src/test/examples/invalid/syntaxErr/function/functionReturnInLoop.wacc
line 18:15 missing '=' at 'i'
./src/test/examples/invalid/syntaxErr/function/functionMissingCall.wacc
line 13:11 missing '=' at '0'
line 15:11 mismatched input '(' expecting {BINOP, 'end', ';', '+', '-'}
./src/test/examples/invalid/syntaxErr/function/functionNoReturn.wacc
./src/test/examples/invalid/syntaxErr/function/functionScopeDef.wacc
line 13:9 missing '=' at '('
line 13:10 mismatched input ')' expecting {UNOP, INT_LITER, BOOL_LITER, CHAR_LITER, STR_LITER, 'null', '(', '-', IDENT}
line 13:12 mismatched input 'is' expecting {BINOP, 'end', ';', '+', '-'}
./src/test/examples/invalid/syntaxErr/function/noBodyAfterFuncs.wacc
line 13:9 missing '=' at '0'
line 15:0 extraneous input 'end' expecting {BASE_TYPE, 'fst', 'snd', 'pair', 'begin', 'skip', 'read', 'free', 'retrun', 'exit', 'print', 'println', 'if', 'while', IDENT}
./src/test/examples/invalid/syntaxErr/function/funcExpr2.wacc
line 13:11 missing '=' at '0'
line 17:13 mismatched input '(' expecting {BINOP, 'do', '+', '-'}
line 20:2 mismatched input 'done' expecting {BINOP, 'end', ';', '+', '-'}
./src/test/examples/invalid/syntaxErr/function/funcExpr.wacc
line 13:11 missing '=' at '0'
line 15:11 mismatched input '(' expecting {BINOP, 'end', ';', '+', '-'}
./src/test/examples/invalid/syntaxErr/function/badlyPlaced.wacc
line 11:0 missing 'begin' at 'int'
line 12:9 missing '=' at '42'
line 18:0 missing 'end' at '<EOF>'
./src/test/examples/invalid/syntaxErr/function/functionMissingParam.wacc
line 12:21 mismatched input ')' expecting {BASE_TYPE, 'pair'}
line 13:11 missing '=' at '0'
./src/test/examples/invalid/syntaxErr/function/functionMissingType.wacc
line 12:3 missing '=' at '('
line 12:4 mismatched input ')' expecting {UNOP, INT_LITER, BOOL_LITER, CHAR_LITER, STR_LITER, 'null', '(', '-', IDENT}
line 12:6 mismatched input 'is' expecting {BINOP, 'end', ';', '+', '-'}
./src/test/examples/invalid/syntaxErr/function/thisIsNotC.wacc
line 12:12 extraneous input '*' expecting IDENT
line 13:4 extraneous input '*' expecting {BASE_TYPE, 'fst', 'snd', 'pair', 'begin', 'skip', 'read', 'free', 'retrun', 'exit', 'print', 'println', 'if', 'while', IDENT}
line 13:9 extraneous input '*' expecting {UNOP, INT_LITER, BOOL_LITER, CHAR_LITER, STR_LITER, 'fst', 'snd', 'null', 'newpair', 'call', '(', '[', '-', IDENT}
line 14:11 missing '=' at '0'
line 17:6 no viable alternative at input 'int*'
./src/test/examples/invalid/syntaxErr/print/printlnCharArry.wacc
line 12:10 extraneous input '[' expecting {UNOP, INT_LITER, BOOL_LITER, CHAR_LITER, STR_LITER, 'null', '(', '-', IDENT}
line 12:14 mismatched input ',' expecting {BINOP, 'end', ';', '+', '-'}
./src/test/examples/invalid/syntaxErr/variables/badintAssignments1.wacc
line 12:13 extraneous input '0' expecting 'end'
./src/test/examples/invalid/syntaxErr/variables/varNoName.wacc
line 13:6 no viable alternative at input 'int='
./src/test/examples/invalid/syntaxErr/variables/badintAssignments.wacc
line 12:13 mismatched input '0' expecting {BINOP, 'end', ';', '+', '-'}
./src/test/examples/invalid/syntaxErr/variables/bigIntAssignment.wacc
./src/test/examples/invalid/syntaxErr/variables/badintAssignments2.wacc
line 12:11 extraneous input 'A4' expecting 'end'
./src/test/examples/invalid/syntaxErr/expressions/missingOperand2.wacc
line 13:0 mismatched input 'end' expecting {UNOP, INT_LITER, BOOL_LITER, CHAR_LITER, STR_LITER, 'null', '(', '-', IDENT}
./src/test/examples/invalid/syntaxErr/expressions/printlnConcat.wacc
line 12:20 extraneous input '+' expecting {UNOP, INT_LITER, BOOL_LITER, CHAR_LITER, STR_LITER, 'null', '(', '-', IDENT}
./src/test/examples/invalid/syntaxErr/expressions/missingOperand1.wacc
line 12:10 extraneous input '*' expecting {UNOP, INT_LITER, BOOL_LITER, CHAR_LITER, STR_LITER, 'fst', 'snd', 'null', 'newpair', 'call', '(', '[', '-', IDENT}
./src/test/examples/invalid/syntaxErr/sequence/missingSeq.wacc
line 13:2 extraneous input 'skip' expecting 'end'
./src/test/examples/invalid/syntaxErr/sequence/emptySeq.wacc
line 11:6 mismatched input ';' expecting {BASE_TYPE, 'fst', 'snd', 'pair', 'begin', 'skip', 'read', 'free', 'retrun', 'exit', 'print', 'println', 'if', 'while', IDENT}
./src/test/examples/invalid/syntaxErr/sequence/endSeq.wacc
./src/test/examples/invalid/syntaxErr/sequence/extraSeq.wacc
line 11:12 mismatched input 'end' expecting {BASE_TYPE, 'fst', 'snd', 'pair', 'begin', 'skip', 'read', 'free', 'retrun', 'exit', 'print', 'println', 'if', 'while', IDENT}
./src/test/examples/invalid/syntaxErr/sequence/doubleSeq.wacc
line 12:7 extraneous input ';' expecting {BASE_TYPE, 'fst', 'snd', 'pair', 'begin', 'skip', 'read', 'free', 'retrun', 'exit', 'print', 'println', 'if', 'while', IDENT}
./src/test/examples/invalid/syntaxErr/while/whileNodo.wacc
line 13:4 missing 'do' at 'skip'
./src/test/examples/invalid/syntaxErr/while/whilErr.wacc
line 12:7 missing '=' at 'false'
line 12:13 mismatched input 'do' expecting {BINOP, 'end', ';', '+', '-'}
./src/test/examples/invalid/syntaxErr/while/dooErr.wacc
line 12:14 missing 'do' at 'doo'
line 13:4 mismatched input 'skip' expecting {BINOP, 'do', '+', '-'}
./src/test/examples/invalid/syntaxErr/while/donoErr.wacc
line 14:2 mismatched input 'dono' expecting {'done', ';'}
./src/test/examples/invalid/syntaxErr/while/whileNodone.wacc
line 14:0 missing 'done' at 'end'
